2020-09-20 21:14:15,352 INFO: 資料庫版本：8.0.21fredapi
2020-09-20 21:28:30,653 INFO: 資料庫版本：8.0.21 資料庫：fredapi
2020-09-20 21:28:30,653 INFO: Close 資料庫
2020-09-20 21:56:08,744 INFO: Open 資料庫版本：8.0.21 資料庫：fredapi
2020-09-20 21:56:08,744 INFO: Close 資料庫
2020-09-20 22:31:02,298 INFO: Open 資料庫版本：8.0.21 資料庫：fredapi
2020-09-20 22:31:02,298 INFO: Close 資料庫
2020-09-20 23:08:10,613 INFO: Open 資料庫版本：8.0.21 資料庫：fredapi
2020-09-20 23:08:10,627 DEBUG: Starting new HTTPS connection (1): api.stlouisfed.org:443
2020-09-20 23:08:13,750 DEBUG: https://api.stlouisfed.org:443 "GET /fred/releases?&realtime_start=1776-07-04&api_key=89931803c039b85e8d08254a3ae76f60&file_type=json HTTP/1.1" 200 32705
2020-09-20 23:20:58,995 INFO: Open 資料庫版本：8.0.21 資料庫：fredapi
2020-09-20 23:20:58,998 DEBUG: Starting new HTTPS connection (1): api.stlouisfed.org:443
2020-09-20 23:21:01,955 DEBUG: https://api.stlouisfed.org:443 "GET /fred/releases?&realtime_start=1776-07-04&api_key=89931803c039b85e8d08254a3ae76f60&file_type=json HTTP/1.1" 200 32705
2020-09-20 23:21:02,083 ERROR: Exception:execute() takes from 2 to 3 positional arguments but 9 were given
2020-09-20 23:23:43,397 INFO: Open 資料庫版本：8.0.21 資料庫：fredapi
2020-09-20 23:23:43,439 DEBUG: Starting new HTTPS connection (1): api.stlouisfed.org:443
2020-09-20 23:23:47,307 DEBUG: https://api.stlouisfed.org:443 "GET /fred/releases?&realtime_start=1776-07-04&api_key=89931803c039b85e8d08254a3ae76f60&file_type=json HTTP/1.1" 200 32705
2020-09-20 23:23:47,534 ERROR: Exception:name 'ProgrammingError' is not defined
2020-09-20 23:33:03,582 INFO: Open 資料庫版本：8.0.21 資料庫：fredapi
2020-09-20 23:33:03,637 DEBUG: Starting new HTTPS connection (1): api.stlouisfed.org:443
2020-09-20 23:33:06,368 DEBUG: https://api.stlouisfed.org:443 "GET /fred/releases?&realtime_start=1776-07-04&api_key=89931803c039b85e8d08254a3ae76f60&file_type=json HTTP/1.1" 200 32705
2020-09-20 23:33:06,487 ERROR: Exception:name 'ProgrammingError' is not defined
2020-09-20 23:54:43,103 INFO: Open 資料庫版本：8.0.21 資料庫：fredapi
2020-09-20 23:54:43,159 DEBUG: Starting new HTTPS connection (1): api.stlouisfed.org:443
2020-09-20 23:54:45,996 DEBUG: https://api.stlouisfed.org:443 "GET /fred/releases?&realtime_start=1776-07-04&api_key=89931803c039b85e8d08254a3ae76f60&file_type=json HTTP/1.1" 200 32705
2020-09-20 23:54:46,044 ERROR: Exception:name 'ProgrammingError' is not defined
2020-09-20 23:56:49,678 INFO: Open 資料庫版本：8.0.21 資料庫：fredapi
2020-09-20 23:56:49,722 DEBUG: Starting new HTTPS connection (1): api.stlouisfed.org:443
2020-09-20 23:56:52,847 DEBUG: https://api.stlouisfed.org:443 "GET /fred/releases?&realtime_start=1776-07-04&api_key=89931803c039b85e8d08254a3ae76f60&file_type=json HTTP/1.1" 200 32705
2020-09-20 23:56:53,002 ERROR: Exception:name 'ProgrammingError' is not defined
2020-09-20 23:57:45,408 INFO: Open 資料庫版本：8.0.21 資料庫：fredapi
2020-09-20 23:57:45,473 DEBUG: Starting new HTTPS connection (1): api.stlouisfed.org:443
2020-09-20 23:57:48,919 DEBUG: https://api.stlouisfed.org:443 "GET /fred/releases?&realtime_start=1776-07-04&api_key=89931803c039b85e8d08254a3ae76f60&file_type=json HTTP/1.1" 200 32705
2020-09-20 23:57:49,074 ERROR: Exception:name 'ProgrammingError' is not defined
2020-09-20 23:58:43,944 INFO: Open 資料庫版本：8.0.21 資料庫：fredapi
2020-09-20 23:58:43,998 DEBUG: Starting new HTTPS connection (1): api.stlouisfed.org:443
2020-09-20 23:58:46,711 DEBUG: https://api.stlouisfed.org:443 "GET /fred/releases?&realtime_start=1776-07-04&api_key=89931803c039b85e8d08254a3ae76f60&file_type=json HTTP/1.1" 200 32705
2020-09-20 23:58:46,792 ERROR: Exception:name 'ProgrammingError' is not defined
2020-09-21 00:01:51,258 INFO: Open 資料庫版本：8.0.21 資料庫：fredapi
2020-09-21 00:01:51,299 DEBUG: Starting new HTTPS connection (1): api.stlouisfed.org:443
2020-09-21 00:01:54,215 DEBUG: https://api.stlouisfed.org:443 "GET /fred/releases?&realtime_start=1776-07-04&api_key=89931803c039b85e8d08254a3ae76f60&file_type=json HTTP/1.1" 200 32705
2020-09-21 00:11:07,184 INFO: Open 資料庫版本：8.0.21 資料庫：fredapi
2020-09-21 00:11:07,237 DEBUG: Starting new HTTPS connection (1): api.stlouisfed.org:443
2020-09-21 00:11:10,707 DEBUG: https://api.stlouisfed.org:443 "GET /fred/releases?&realtime_start=1776-07-04&api_key=89931803c039b85e8d08254a3ae76f60&file_type=json HTTP/1.1" 200 32705
2020-09-21 00:14:56,132 INFO: Open 資料庫版本：8.0.21 資料庫：fredapi
2020-09-21 00:14:56,173 DEBUG: Starting new HTTPS connection (1): api.stlouisfed.org:443
2020-09-21 00:14:58,857 DEBUG: https://api.stlouisfed.org:443 "GET /fred/releases?&realtime_start=1776-07-04&api_key=89931803c039b85e8d08254a3ae76f60&file_type=json HTTP/1.1" 200 32705
2020-09-21 00:15:03,333 ERROR: Exception:name 'ProgrammingError' is not defined
2020-09-21 00:18:05,891 INFO: Open 資料庫版本：8.0.21 資料庫：fredapi
2020-09-21 00:18:05,930 DEBUG: Starting new HTTPS connection (1): api.stlouisfed.org:443
2020-09-21 00:18:08,929 DEBUG: https://api.stlouisfed.org:443 "GET /fred/releases?&realtime_start=1776-07-04&api_key=89931803c039b85e8d08254a3ae76f60&file_type=json HTTP/1.1" 200 32705
2020-09-21 00:21:01,248 INFO: Open 資料庫版本：8.0.21 資料庫：fredapi
2020-09-21 00:21:01,287 DEBUG: Starting new HTTPS connection (1): api.stlouisfed.org:443
2020-09-21 00:21:03,944 DEBUG: https://api.stlouisfed.org:443 "GET /fred/releases?&realtime_start=1776-07-04&api_key=89931803c039b85e8d08254a3ae76f60&file_type=json HTTP/1.1" 200 32705
2020-09-21 00:21:49,296 INFO: Close 資料庫
2020-09-21 00:50:30,244 INFO: Open 資料庫版本：8.0.21 資料庫：fredapi
2020-09-21 00:50:30,285 DEBUG: Starting new HTTPS connection (1): api.stlouisfed.org:443
2020-09-21 00:50:33,555 DEBUG: https://api.stlouisfed.org:443 "GET /fred/releases?&realtime_start=1776-07-04&api_key=89931803c039b85e8d08254a3ae76f60&file_type=json HTTP/1.1" 200 32705
2020-09-21 00:50:34,028 INFO: Close 資料庫
2020-09-24 22:06:40,895 INFO: Open 資料庫版本：8.0.21 資料庫：fredapi
2020-09-24 22:10:15,781 INFO: Open 資料庫版本：8.0.21 資料庫：fredapi
2020-09-24 22:11:07,220 INFO: Open 資料庫版本：8.0.21 資料庫：fredapi
2020-09-24 22:11:57,986 INFO: Open 資料庫版本：8.0.21 資料庫：fredapi
2020-09-24 22:11:58,171 DEBUG: Starting new HTTPS connection (1): api.stlouisfed.org:443
2020-09-24 22:12:00,992 DEBUG: https://api.stlouisfed.org:443 "GET /fred/releases?&realtime_start=1776-07-04&api_key=89931803c039b85e8d08254a3ae76f60&file_type=json HTTP/1.1" 200 32705
2020-09-24 22:12:01,537 INFO: Close 資料庫
2020-09-24 22:13:50,562 INFO: Open 資料庫版本：8.0.21 資料庫：fredapi
2020-09-24 22:13:50,578 DEBUG: Starting new HTTPS connection (1): api.stlouisfed.org:443
2020-09-24 22:13:53,523 DEBUG: https://api.stlouisfed.org:443 "GET /fred/releases?&realtime_start=1776-07-04&api_key=89931803c039b85e8d08254a3ae76f60&file_type=json HTTP/1.1" 200 32705
2020-09-24 22:17:41,332 INFO: Open 資料庫版本：8.0.21 資料庫：fredapi
2020-09-24 22:17:41,351 DEBUG: Starting new HTTPS connection (1): api.stlouisfed.org:443
2020-09-24 22:17:44,455 DEBUG: https://api.stlouisfed.org:443 "GET /fred/releases?&realtime_start=1776-07-04&api_key=89931803c039b85e8d08254a3ae76f60&file_type=json HTTP/1.1" 200 32705
2020-09-25 18:50:32,786 INFO: Open 資料庫版本：8.0.21 資料庫：fredapi
2020-09-25 18:50:32,789 DEBUG: Starting new HTTPS connection (1): api.stlouisfed.org:443
2020-09-25 18:50:38,343 DEBUG: https://api.stlouisfed.org:443 "GET /fred/releases?&realtime_start=1776-07-04&api_key=89931803c039b85e8d08254a3ae76f60&file_type=json HTTP/1.1" 200 32705
2020-09-25 18:50:39,060 INFO: Close 資料庫
2020-09-25 18:53:06,899 INFO: Open 資料庫版本：8.0.21 資料庫：fredapi
2020-09-25 18:53:06,916 DEBUG: Starting new HTTPS connection (1): api.stlouisfed.org:443
2020-09-25 18:53:11,168 DEBUG: https://api.stlouisfed.org:443 "GET /fred/releases?&realtime_start=1776-07-04&api_key=89931803c039b85e8d08254a3ae76f60&file_type=json HTTP/1.1" 200 32705
2020-09-25 19:07:25,077 INFO: Open 資料庫版本：8.0.21 資料庫：fredapi
2020-09-25 19:07:25,096 DEBUG: Starting new HTTPS connection (1): api.stlouisfed.org:443
2020-09-25 19:07:28,287 DEBUG: https://api.stlouisfed.org:443 "GET /fred/releases?&realtime_start=1776-07-04&api_key=89931803c039b85e8d08254a3ae76f60&file_type=json HTTP/1.1" 200 32705
2020-09-27 09:16:56,532 INFO: Open 資料庫版本：8.0.21 資料庫：fredapi
2020-09-27 09:16:56,585 DEBUG: Starting new HTTPS connection (1): api.stlouisfed.org:443
2020-09-27 09:17:01,124 DEBUG: https://api.stlouisfed.org:443 "GET /fred/releases?&realtime_start=1776-07-04&api_key=89931803c039b85e8d08254a3ae76f60&file_type=json HTTP/1.1" 200 32705
2020-09-27 09:17:01,620 INFO: Close 資料庫
2020-09-27 09:40:45,168 INFO: Open 資料庫版本：8.0.21 資料庫：fredapi
2020-09-27 09:40:45,171 DEBUG: Starting new HTTPS connection (1): api.stlouisfed.org:443
2020-09-27 09:40:51,498 DEBUG: https://api.stlouisfed.org:443 "GET /fred/releases?&realtime_start=1776-07-04&api_key=89931803c039b85e8d08254a3ae76f60&file_type=json HTTP/1.1" 200 32705
2020-09-27 09:42:27,408 INFO: Open 資料庫版本：8.0.21 資料庫：fredapi
2020-09-27 09:42:27,410 DEBUG: Starting new HTTPS connection (1): api.stlouisfed.org:443
2020-09-27 09:42:32,757 DEBUG: https://api.stlouisfed.org:443 "GET /fred/releases?&realtime_start=1776-07-04&api_key=89931803c039b85e8d08254a3ae76f60&file_type=json HTTP/1.1" 200 32705
2020-09-27 10:12:31,849 INFO: Open 資料庫版本：8.0.21 資料庫：fredapi
2020-09-27 10:12:31,852 DEBUG: Starting new HTTPS connection (1): api.stlouisfed.org:443
2020-09-27 10:12:37,054 DEBUG: https://api.stlouisfed.org:443 "GET /fred/releases?&realtime_start=1776-07-04&api_key=89931803c039b85e8d08254a3ae76f60&file_type=json HTTP/1.1" 200 32705
2020-09-27 10:12:37,428 INFO: Close 資料庫
2020-09-27 18:49:25,097 INFO: Open 資料庫版本：8.0.21 資料庫：fredapi
2020-09-27 18:49:25,138 DEBUG: Starting new HTTPS connection (1): api.stlouisfed.org:443
2020-09-27 18:49:29,445 DEBUG: https://api.stlouisfed.org:443 "GET /fred/releases?&realtime_start=1776-07-04&api_key=89931803c039b85e8d08254a3ae76f60&file_type=json HTTP/1.1" 200 32705
2020-09-27 18:50:16,110 INFO: Open 資料庫版本：8.0.21 資料庫：fredapi
2020-09-27 18:50:16,151 DEBUG: Starting new HTTPS connection (1): api.stlouisfed.org:443
2020-09-27 18:50:20,566 DEBUG: https://api.stlouisfed.org:443 "GET /fred/releases?&realtime_start=1776-07-04&api_key=89931803c039b85e8d08254a3ae76f60&file_type=json HTTP/1.1" 200 32705
2020-09-27 20:34:43,448 INFO: Open 資料庫版本：8.0.21 資料庫：fredapi
2020-09-27 20:36:37,539 INFO: Open 資料庫版本：8.0.21 資料庫：fredapi
2020-09-27 20:39:44,995 INFO: Open 資料庫版本：8.0.21 資料庫：fredapi
2020-09-27 20:44:38,974 INFO: Open 資料庫版本：8.0.21 資料庫：fredapi
2020-09-27 20:45:16,085 DEBUG: Starting new HTTPS connection (1): api.stlouisfed.org:443
2020-09-27 20:45:19,233 DEBUG: https://api.stlouisfed.org:443 "GET /fred/release/series?release_id=51&realtime_start=1776-07-04&api_key=89931803c039b85e8d08254a3ae76f60&file_type=json HTTP/1.1" 200 12424
2020-09-28 21:36:42,890 INFO: Open 資料庫版本：8.0.21 資料庫：fredapi
2020-09-28 21:36:42,966 DEBUG: Starting new HTTPS connection (1): api.stlouisfed.org:443
2020-09-28 21:36:44,390 DEBUG: https://api.stlouisfed.org:443 "GET /fred/release/series?release_id=51&realtime_start=1776-07-04&api_key=%209%20&file_type=json HTTP/1.1" 400 223
2020-09-29 20:33:28,268 INFO: Open 資料庫版本：8.0.21 資料庫：fredapi
2020-09-29 20:33:28,348 DEBUG: Starting new HTTPS connection (1): api.stlouisfed.org:443
2020-09-29 20:33:31,607 DEBUG: https://api.stlouisfed.org:443 "GET /fred/release/series?release_id=51&realtime_start=1776-07-04&api_key=%209%20&file_type=json HTTP/1.1" 400 223
2020-09-29 20:39:19,382 INFO: Open 資料庫版本：8.0.21 資料庫：fredapi
2020-09-29 20:39:19,384 DEBUG: Starting new HTTPS connection (1): api.stlouisfed.org:443
2020-09-29 20:39:20,409 DEBUG: https://api.stlouisfed.org:443 "GET /fred/release/series?release_id=51&realtime_start=1776-07-04&api_key=%209%20&file_type=json HTTP/1.1" 400 223
2020-09-29 20:46:44,330 INFO: Open 資料庫版本：8.0.21 資料庫：fredapi
2020-09-29 20:46:44,333 DEBUG: Starting new HTTPS connection (1): api.stlouisfed.org:443
2020-09-29 20:46:47,197 DEBUG: https://api.stlouisfed.org:443 "GET /fred/release/series?release_id=51&realtime_start=1776-07-04&api_key=89931803c039b85e8d08254a3ae76f60&file_type=json HTTP/1.1" 200 12418
2020-09-29 21:00:52,432 INFO: Open 資料庫版本：8.0.21 資料庫：fredapi
2020-09-29 21:00:52,434 DEBUG: Starting new HTTPS connection (1): api.stlouisfed.org:443
2020-09-29 21:00:53,485 DEBUG: https://api.stlouisfed.org:443 "GET /fred/release/series?release_id=9&realtime_start=1776-07-04&api_key=89931803c039b85e8d08254a3ae76f60&file_type=json HTTP/1.1" 200 3521
2020-09-29 21:16:36,016 INFO: Open 資料庫版本：8.0.21 資料庫：fredapi
2020-09-29 21:16:36,019 DEBUG: Starting new HTTPS connection (1): api.stlouisfed.org:443
2020-09-29 21:16:37,340 DEBUG: https://api.stlouisfed.org:443 "GET /fred/release/series?release_id=9&realtime_start=1776-07-04&api_key=89931803c039b85e8d08254a3ae76f60&file_type=json HTTP/1.1" 200 3521
2020-09-29 21:21:06,311 INFO: Open 資料庫版本：8.0.21 資料庫：fredapi
2020-09-29 21:21:06,315 DEBUG: Starting new HTTPS connection (1): api.stlouisfed.org:443
2020-09-29 21:21:09,387 DEBUG: https://api.stlouisfed.org:443 "GET /fred/release/series?release_id=9&realtime_start=1776-07-04&api_key=89931803c039b85e8d08254a3ae76f60&file_type=json HTTP/1.1" 200 3521
2020-09-29 21:32:22,498 INFO: Open 資料庫版本：8.0.21 資料庫：fredapi
2020-09-29 21:32:22,501 DEBUG: Starting new HTTPS connection (1): api.stlouisfed.org:443
2020-09-29 21:32:23,533 DEBUG: https://api.stlouisfed.org:443 "GET /fred/release/series?release_id=9&realtime_start=1776-07-04&api_key=89931803c039b85e8d08254a3ae76f60&file_type=json HTTP/1.1" 200 3521
2020-09-29 21:35:05,665 INFO: Open 資料庫版本：8.0.21 資料庫：fredapi
2020-09-29 21:35:05,668 DEBUG: Starting new HTTPS connection (1): api.stlouisfed.org:443
2020-09-29 21:35:06,685 DEBUG: https://api.stlouisfed.org:443 "GET /fred/release/series?release_id=9&realtime_start=1776-07-04&api_key=89931803c039b85e8d08254a3ae76f60&file_type=json HTTP/1.1" 200 3521
2020-09-30 18:53:41,036 INFO: Open 資料庫版本：8.0.21 資料庫：fredapi
2020-09-30 18:53:41,112 DEBUG: Starting new HTTPS connection (1): api.stlouisfed.org:443
2020-09-30 18:53:42,352 DEBUG: https://api.stlouisfed.org:443 "GET /fred/release/series?release_id=9&realtime_start=1776-07-04&api_key=89931803c039b85e8d08254a3ae76f60&file_type=json HTTP/1.1" 200 3516
2020-09-30 19:00:14,987 INFO: Open 資料庫版本：8.0.21 資料庫：fredapi
2020-09-30 19:00:14,990 DEBUG: Starting new HTTPS connection (1): api.stlouisfed.org:443
2020-09-30 19:00:16,064 DEBUG: https://api.stlouisfed.org:443 "GET /fred/release/series?release_id=9&realtime_start=1776-07-04&api_key=89931803c039b85e8d08254a3ae76f60&file_type=json HTTP/1.1" 200 3516
2020-09-30 20:08:41,195 INFO: Open 資料庫版本：8.0.21 資料庫：fredapi
2020-09-30 20:08:41,198 DEBUG: Starting new HTTPS connection (1): api.stlouisfed.org:443
2020-09-30 20:08:42,355 DEBUG: https://api.stlouisfed.org:443 "GET /fred/release/series?release_id=9&realtime_start=1776-07-04&api_key=89931803c039b85e8d08254a3ae76f60&file_type=json HTTP/1.1" 200 3516
2020-10-01 22:58:02,424 INFO: Open 資料庫版本：8.0.21 資料庫：fredapi
2020-10-01 22:58:02,476 DEBUG: Starting new HTTPS connection (1): api.stlouisfed.org:443
2020-10-01 22:58:04,220 DEBUG: https://api.stlouisfed.org:443 "GET /fred/release/series?release_id=9&realtime_start=1776-07-04&api_key=89931803c039b85e8d08254a3ae76f60&file_type=json HTTP/1.1" 200 3520
2020-10-02 02:36:50,493 INFO: Open 資料庫版本：8.0.21 資料庫：fredapi
2020-10-02 02:36:50,514 DEBUG: Starting new HTTPS connection (1): api.stlouisfed.org:443
2020-10-02 02:36:52,635 DEBUG: https://api.stlouisfed.org:443 "GET /fred/release/series?release_id=9&realtime_start=1776-07-04&api_key=89931803c039b85e8d08254a3ae76f60&file_type=json HTTP/1.1" 200 3520
2020-10-03 11:11:32,993 INFO: Open 資料庫版本：8.0.21 資料庫：fredapi
2020-10-03 11:11:33,080 DEBUG: Starting new HTTPS connection (1): api.stlouisfed.org:443
2020-10-03 11:11:35,828 DEBUG: https://api.stlouisfed.org:443 "GET /fred/release/series?release_id=9&realtime_start=1776-07-04&api_key=89931803c039b85e8d08254a3ae76f60&file_type=json HTTP/1.1" 200 3549
2020-10-03 13:26:40,242 INFO: Open 資料庫版本：8.0.21 資料庫：fredapi
2020-10-03 13:26:40,265 DEBUG: Starting new HTTPS connection (1): api.stlouisfed.org:443
2020-10-03 13:26:41,541 DEBUG: https://api.stlouisfed.org:443 "GET /fred/release/series?release_id=9&realtime_start=1776-07-04&api_key=89931803c039b85e8d08254a3ae76f60&file_type=json HTTP/1.1" 200 3549
2020-10-03 13:29:57,695 INFO: Open 資料庫版本：8.0.21 資料庫：fredapi
2020-10-03 13:29:57,712 DEBUG: Starting new HTTPS connection (1): api.stlouisfed.org:443
2020-10-03 13:29:59,032 DEBUG: https://api.stlouisfed.org:443 "GET /fred/release/series?release_id=9&realtime_start=1776-07-04&api_key=89931803c039b85e8d08254a3ae76f60&file_type=json HTTP/1.1" 200 3549
2020-10-03 13:34:55,189 INFO: Open 資料庫版本：8.0.21 資料庫：fredapi
2020-10-03 13:34:55,206 DEBUG: Starting new HTTPS connection (1): api.stlouisfed.org:443
2020-10-03 13:34:56,165 DEBUG: https://api.stlouisfed.org:443 "GET /fred/release/series?release_id=9&realtime_start=1776-07-04&api_key=89931803c039b85e8d08254a3ae76f60&file_type=json HTTP/1.1" 200 3549
2020-10-04 00:01:05,789 INFO: Open 資料庫版本：8.0.21 資料庫：fredapi
2020-10-04 00:01:05,792 DEBUG: Starting new HTTPS connection (1): api.stlouisfed.org:443
2020-10-04 00:01:07,404 DEBUG: https://api.stlouisfed.org:443 "GET /fred/release/series?release_id=9&realtime_start=1776-07-04&api_key=89931803c039b85e8d08254a3ae76f60&file_type=json HTTP/1.1" 200 3543
2020-10-04 00:04:18,901 INFO: Open 資料庫版本：8.0.21 資料庫：fredapi
2020-10-04 00:04:18,904 DEBUG: Starting new HTTPS connection (1): api.stlouisfed.org:443
2020-10-04 00:04:19,981 DEBUG: https://api.stlouisfed.org:443 "GET /fred/release/series?release_id=9&realtime_start=1776-07-04&api_key=89931803c039b85e8d08254a3ae76f60&file_type=json HTTP/1.1" 200 3543
2020-10-04 00:07:28,179 INFO: Open 資料庫版本：8.0.21 資料庫：fredapi
2020-10-04 00:07:28,182 DEBUG: Starting new HTTPS connection (1): api.stlouisfed.org:443
2020-10-04 00:07:29,049 DEBUG: https://api.stlouisfed.org:443 "GET /fred/release/series?release_id=9&realtime_start=1776-07-04&api_key=89931803c039b85e8d08254a3ae76f60&file_type=json HTTP/1.1" 200 3543
2020-10-04 11:17:49,873 INFO: Open 資料庫版本：8.0.21 資料庫：fredapi
2020-10-04 11:17:49,877 DEBUG: Starting new HTTPS connection (1): api.stlouisfed.org:443
2020-10-04 11:17:51,609 DEBUG: https://api.stlouisfed.org:443 "GET /fred/release/series?release_id=9&realtime_start=1776-07-04&api_key=89931803c039b85e8d08254a3ae76f60&file_type=json HTTP/1.1" 200 3543
2020-10-04 11:18:37,676 INFO: Open 資料庫版本：8.0.21 資料庫：fredapi
2020-10-04 11:18:37,679 DEBUG: Starting new HTTPS connection (1): api.stlouisfed.org:443
2020-10-04 11:18:38,765 DEBUG: https://api.stlouisfed.org:443 "GET /fred/release/series?release_id=9&realtime_start=1776-07-04&api_key=89931803c039b85e8d08254a3ae76f60&file_type=json HTTP/1.1" 200 3543
2020-10-04 12:28:36,620 INFO: Open 資料庫版本：8.0.21 資料庫：fredapi
2020-10-04 12:28:36,623 DEBUG: Starting new HTTPS connection (1): api.stlouisfed.org:443
2020-10-04 12:28:37,606 DEBUG: https://api.stlouisfed.org:443 "GET /fred/release/series?release_id=9&realtime_start=1776-07-04&api_key=89931803c039b85e8d08254a3ae76f60&file_type=json HTTP/1.1" 200 3543
2020-10-04 13:14:15,258 INFO: Open 資料庫版本：8.0.21 資料庫：fredapi
2020-10-04 13:14:15,261 DEBUG: Starting new HTTPS connection (1): api.stlouisfed.org:443
2020-10-04 13:14:18,083 DEBUG: https://api.stlouisfed.org:443 "GET /fred/release/series?release_id=9&realtime_start=1776-07-04&api_key=89931803c039b85e8d08254a3ae76f60&file_type=json HTTP/1.1" 200 3543
2020-10-04 13:14:21,763 ERROR: Exception:(1146, "Table 'fredapi.seriessfred_series' doesn't exist")
2020-10-04 13:18:59,376 INFO: Open 資料庫版本：8.0.21 資料庫：fredapi
2020-10-04 13:18:59,379 DEBUG: Starting new HTTPS connection (1): api.stlouisfed.org:443
2020-10-04 13:19:00,344 DEBUG: https://api.stlouisfed.org:443 "GET /fred/release/series?release_id=9&realtime_start=1776-07-04&api_key=89931803c039b85e8d08254a3ae76f60&file_type=json HTTP/1.1" 200 3543
2020-10-04 13:19:03,908 ERROR: Exception:(1146, "Table 'fredapi.seriess' doesn't exist")
2020-10-04 13:57:40,482 INFO: Open 資料庫版本：8.0.21 資料庫：fredapi
2020-10-04 13:57:40,545 DEBUG: Starting new HTTPS connection (1): api.stlouisfed.org:443
2020-10-04 13:57:42,052 DEBUG: https://api.stlouisfed.org:443 "GET /fred/release/series?release_id=9&realtime_start=1776-07-04&api_key=89931803c039b85e8d08254a3ae76f60&file_type=json HTTP/1.1" 200 3543
2020-10-04 13:58:45,990 INFO: Open 資料庫版本：8.0.21 資料庫：fredapi
2020-10-04 13:58:46,030 DEBUG: Starting new HTTPS connection (1): api.stlouisfed.org:443
2020-10-04 13:58:46,859 DEBUG: https://api.stlouisfed.org:443 "GET /fred/release/series?release_id=9&realtime_start=1776-07-04&api_key=89931803c039b85e8d08254a3ae76f60&file_type=json HTTP/1.1" 200 3543
2020-10-04 14:03:14,599 INFO: Open 資料庫版本：8.0.21 資料庫：fredapi
2020-10-04 14:03:14,638 DEBUG: Starting new HTTPS connection (1): api.stlouisfed.org:443
2020-10-04 14:03:15,966 DEBUG: https://api.stlouisfed.org:443 "GET /fred/release/series?release_id=9&realtime_start=1776-07-04&api_key=89931803c039b85e8d08254a3ae76f60&file_type=json HTTP/1.1" 200 3543
2020-10-04 14:03:19,644 ERROR: Exception:(1060, "Duplicate column name 'id'")
2020-10-04 14:07:17,557 INFO: Open 資料庫版本：8.0.21 資料庫：fredapi
2020-10-04 14:07:17,621 DEBUG: Starting new HTTPS connection (1): api.stlouisfed.org:443
2020-10-04 14:07:18,814 DEBUG: https://api.stlouisfed.org:443 "GET /fred/release/series?release_id=9&realtime_start=1776-07-04&api_key=89931803c039b85e8d08254a3ae76f60&file_type=json HTTP/1.1" 200 3543
2020-10-07 20:10:38,368 INFO: Open 資料庫版本：8.0.21 資料庫：fredapi
2020-10-08 21:30:52,756 INFO: Open 資料庫版本：8.0.21 資料庫：fredapi
2020-10-08 21:30:52,833 DEBUG: Starting new HTTPS connection (1): api.stlouisfed.org:443
2020-10-08 21:30:56,570 DEBUG: https://api.stlouisfed.org:443 "GET /fred/releases?&realtime_start=1776-07-04&api_key=89931803c039b85e8d08254a3ae76f60&file_type=json HTTP/1.1" 200 32857
2020-10-08 21:30:56,928 ERROR: Exception:(1064, "You have an error in your SQL syntax; check the manual that corresponds to your MySQL server version for the right syntax to use near ')ENGINE=InnoDB DEFAULT CHARSET=utf8' at line 1")
2020-11-01 22:16:51,084 INFO: Open 資料庫版本：8.0.21 資料庫：fredapi
2020-11-01 22:16:51,220 DEBUG: Starting new HTTPS connection (1): api.stlouisfed.org:443
2020-11-01 22:16:55,821 DEBUG: https://api.stlouisfed.org:443 "GET /fred/releases?&realtime_start=1776-07-04&api_key=89931803c039b85e8d08254a3ae76f60&file_type=json HTTP/1.1" 200 33692
2020-11-09 21:46:55,955 INFO: Open 資料庫版本：8.0.21 資料庫：fredapi
2020-11-09 21:46:56,058 DEBUG: Starting new HTTPS connection (1): api.stlouisfed.org:443
2020-11-09 21:47:00,642 DEBUG: https://api.stlouisfed.org:443 "GET /fred/releases?&realtime_start=1776-07-04&api_key=89931803c039b85e8d08254a3ae76f60&file_type=json HTTP/1.1" 200 33992
2020-11-09 21:47:00,872 ERROR: Exception:(1064, "You have an error in your SQL syntax; check the manual that corresponds to your MySQL server version for the right syntax to use near ')ENGINE=InnoDB DEFAULT CHARSET=utf8' at line 1")
2020-12-24 22:18:31,868 INFO: Open 資料庫版本：8.0.21 資料庫：fredapi
2020-12-24 22:18:31,943 DEBUG: Starting new HTTPS connection (1): api.stlouisfed.org:443
2020-12-24 22:18:36,040 DEBUG: https://api.stlouisfed.org:443 "GET /fred/releases?&realtime_start=1776-07-04&api_key=89931803c039b85e8d08254a3ae76f60&file_type=json HTTP/1.1" 200 34035
2020-12-24 22:18:36,614 ERROR: Exception:(1064, "You have an error in your SQL syntax; check the manual that corresponds to your MySQL server version for the right syntax to use near ')ENGINE=InnoDB DEFAULT CHARSET=utf8' at line 1")
2020-12-26 20:46:57,491 INFO: Open 資料庫版本：8.0.21 資料庫：fredapi
2020-12-26 20:46:57,557 DEBUG: Starting new HTTPS connection (1): api.stlouisfed.org:443
2020-12-26 20:47:02,273 DEBUG: https://api.stlouisfed.org:443 "GET /fred/releases?&realtime_start=1776-07-04&api_key=89931803c039b85e8d08254a3ae76f60&file_type=json HTTP/1.1" 200 34035
2020-12-26 20:47:02,851 ERROR: Exception:(1064, "You have an error in your SQL syntax; check the manual that corresponds to your MySQL server version for the right syntax to use near ')ENGINE=InnoDB DEFAULT CHARSET=utf8' at line 1")
2020-12-26 21:10:16,794 INFO: Open 資料庫版本：8.0.21 資料庫：fredapi
2020-12-26 21:10:16,797 DEBUG: Starting new HTTPS connection (1): api.stlouisfed.org:443
2020-12-26 21:10:17,815 DEBUG: https://api.stlouisfed.org:443 "GET /fred/releases?&realtime_start=1776-07-04&api_key=89931803c039b85e8d08254a3ae76f60&file_type=json HTTP/1.1" 200 34044
2020-12-26 21:10:17,997 ERROR: Exception:(1064, "You have an error in your SQL syntax; check the manual that corresponds to your MySQL server version for the right syntax to use near ')ENGINE=InnoDB DEFAULT CHARSET=utf8' at line 1")
2020-12-26 21:10:44,409 INFO: Open 資料庫版本：8.0.21 資料庫：fredapi
2020-12-26 21:10:44,412 DEBUG: Starting new HTTPS connection (1): api.stlouisfed.org:443
2020-12-26 21:10:45,691 DEBUG: https://api.stlouisfed.org:443 "GET /fred/releases?&realtime_start=1776-07-04&api_key=89931803c039b85e8d08254a3ae76f60&file_type=json HTTP/1.1" 200 34044
2020-12-26 21:10:45,799 ERROR: Exception:(1064, "You have an error in your SQL syntax; check the manual that corresponds to your MySQL server version for the right syntax to use near ')ENGINE=InnoDB DEFAULT CHARSET=utf8' at line 1")
2020-12-26 21:25:38,799 INFO: Open 資料庫版本：8.0.21 資料庫：fredapi
2020-12-26 21:25:38,802 DEBUG: Starting new HTTPS connection (1): api.stlouisfed.org:443
2020-12-26 21:25:40,813 DEBUG: https://api.stlouisfed.org:443 "GET /fred/releases?&realtime_start=1776-07-04&api_key=89931803c039b85e8d08254a3ae76f60&file_type=json HTTP/1.1" 200 34044
2020-12-26 21:53:01,584 INFO: Open 資料庫版本：8.0.21 資料庫：fredapi
2020-12-26 21:53:01,624 DEBUG: Starting new HTTPS connection (1): api.stlouisfed.org:443
2020-12-26 21:53:03,055 DEBUG: https://api.stlouisfed.org:443 "GET /fred/releases?&realtime_start=1776-07-04&api_key=89931803c039b85e8d08254a3ae76f60&file_type=json HTTP/1.1" 200 34044
2020-12-26 21:55:46,957 INFO: Open 資料庫版本：8.0.21 資料庫：fredapi
2020-12-26 21:55:46,996 DEBUG: Starting new HTTPS connection (1): api.stlouisfed.org:443
2020-12-26 21:55:48,078 DEBUG: https://api.stlouisfed.org:443 "GET /fred/releases?&realtime_start=1776-07-04&api_key=89931803c039b85e8d08254a3ae76f60&file_type=json HTTP/1.1" 200 34044
2021-01-14 22:07:07,954 INFO: Open 資料庫版本：8.0.21 資料庫：fredapi
2021-01-14 22:07:08,032 DEBUG: Starting new HTTPS connection (1): api.stlouisfed.org:443
2021-01-14 22:07:13,582 DEBUG: https://api.stlouisfed.org:443 "GET /fred/releases?&realtime_start=1776-07-04&api_key=89931803c039b85e8d08254a3ae76f60&file_type=json HTTP/1.1" 200 34035
2021-02-14 08:53:25,770 INFO: Open 資料庫版本：8.0.21 資料庫：fredapi
2021-02-14 08:53:25,994 DEBUG: Starting new HTTPS connection (1): api.stlouisfed.org:443
2021-02-14 08:53:31,325 DEBUG: https://api.stlouisfed.org:443 "GET /fred/releases?&realtime_start=1776-07-04&api_key=89931803c039b85e8d08254a3ae76f60&file_type=json HTTP/1.1" 200 34543
